<?xml version="1.0" encoding="UTF-8"?>
<!-- Generated by org.testng.reporters.JUnitXMLReporter -->
<testsuite hostname="ARPGL000810" ignored="3" name="Default test" tests="1" failures="0" timestamp="2020-09-06T18:51:36 IST" time="10.892" errors="0">
  <testcase name="UITest" time="0.154" classname="com.qa.testcases.LoginPageTest"/>
  <testcase name="stdUserLoginTest" time="0.0" classname="com.qa.testcases.LoginPageTest">
    <ignored/>
  </testcase> <!-- stdUserLoginTest -->
  <testcase name="multiUserLoginTest" time="0.0" classname="com.qa.testcases.LoginPageTest">
    <ignored/>
  </testcase> <!-- multiUserLoginTest -->
  <testcase name="loginPageTitleTest" time="0.0" classname="com.qa.testcases.LoginPageTest">
    <ignored/>
  </testcase> <!-- loginPageTitleTest -->
</testsuite> <!-- Default test -->
