<?xml version="1.0" encoding="UTF-8"?>
<!-- Generated by org.testng.reporters.JUnitXMLReporter -->
<testsuite hostname="ARPGL000810" ignored="2" name="Test" tests="10" failures="0" timestamp="2020-09-18T17:38:34 IST" time="226.251" errors="0">
  <testcase name="loginPageTitleTest" time="0.027" classname="com.qa.testcases.LoginPageTest"/>
  <testcase name="UITest" time="0.268" classname="com.qa.testcases.LoginPageTest"/>
  <testcase name="stdUserLoginTest" time="9.702" classname="com.qa.testcases.LoginPageTest"/>
  <testcase name="multiUserLoginTest" time="16.45" classname="com.qa.testcases.LoginPageTest"/>
  <testcase name="multiUserLoginTest" time="0.761" classname="com.qa.testcases.LoginPageTest"/>
  <testcase name="multiUserLoginTest" time="17.202" classname="com.qa.testcases.LoginPageTest"/>
  <testcase name="sortingTest" time="17.039" classname="com.qa.testcases.ProductsPageTest"/>
  <testcase name="sortingTest" time="17.56" classname="com.qa.testcases.ProductsPageTest"/>
  <testcase name="sortingTest" time="35.199" classname="com.qa.testcases.ProductsPageTest"/>
  <testcase name="sortingTest" time="17.278" classname="com.qa.testcases.ProductsPageTest"/>
  <testcase name="@AfterSuite extentReportCleanUp" time="0.0" classname="com.qa.base.TestBase">
    <ignored/>
  </testcase> <!-- @AfterSuite extentReportCleanUp -->
  <testcase name="@BeforeSuite extentReportSetup" time="0.0" classname="com.qa.base.TestBase">
    <ignored/>
  </testcase> <!-- @BeforeSuite extentReportSetup -->
</testsuite> <!-- Test -->
