<?xml version="1.0" encoding="UTF-8"?>
<!-- Generated by org.testng.reporters.JUnitXMLReporter -->
<testsuite hostname="ARPGL000810" ignored="2" name="Command line test" tests="7" failures="1" timestamp="2020-09-17T23:04:14 IST" time="84.809" errors="0">
  <testcase name="loginPageTitleTest" time="0.017" classname="com.qa.testcases.LoginPageTest"/>
  <testcase name="UITest" time="0.338" classname="com.qa.testcases.LoginPageTest"/>
  <testcase name="stdUserLoginTest" time="5.918" classname="com.qa.testcases.LoginPageTest"/>
  <testcase name="multiUserLoginTest" time="6.548" classname="com.qa.testcases.LoginPageTest"/>
  <testcase name="multiUserLoginTest" time="0.194" classname="com.qa.testcases.LoginPageTest">
    <failure type="java.lang.AssertionError" message="expected [true] but found [false]">
      <![CDATA[java.lang.AssertionError: expected [true] but found [false]
at com.qa.pages.ProductsPage.verifyPageByURL(ProductsPage.java:35)
at com.qa.testcases.LoginPageTest.multiUserLoginTest(LoginPageTest.java:65)
at java.util.ArrayList.forEach(ArrayList.java:1259)
... Removed 41 stack frames]]>
    </failure>
  </testcase> <!-- multiUserLoginTest -->
  <testcase name="multiUserLoginTest" time="0.614" classname="com.qa.testcases.LoginPageTest"/>
  <testcase name="multiUserLoginTest" time="12.849" classname="com.qa.testcases.LoginPageTest"/>
  <testcase name="@AfterSuite extentReportCleanUp" time="0.0" classname="com.qa.base.TestBase">
    <ignored/>
  </testcase> <!-- @AfterSuite extentReportCleanUp -->
  <testcase name="@BeforeSuite extentReportSetup" time="0.0" classname="com.qa.base.TestBase">
    <ignored/>
  </testcase> <!-- @BeforeSuite extentReportSetup -->
</testsuite> <!-- Command line test -->
