<?xml version="1.0" encoding="UTF-8"?>
<!-- Generated by org.testng.reporters.JUnitXMLReporter -->
<testsuite hostname="ARPGL000810" ignored="2" name="Test" tests="2" failures="0" timestamp="2020-09-18T16:27:01 IST" time="19.345" errors="0">
  <testcase name="loginPageTitleTest" time="0.011" classname="com.qa.testcases.LoginPageTest"/>
  <testcase name="UITest" time="0.182" classname="com.qa.testcases.LoginPageTest"/>
  <testcase name="@AfterSuite extentReportCleanUp" time="0.0" classname="com.qa.base.TestBase">
    <ignored/>
  </testcase> <!-- @AfterSuite extentReportCleanUp -->
  <testcase name="@BeforeSuite extentReportSetup" time="0.0" classname="com.qa.base.TestBase">
    <ignored/>
  </testcase> <!-- @BeforeSuite extentReportSetup -->
</testsuite> <!-- Test -->
