<?xml version="1.0" encoding="UTF-8"?>
<!-- Generated by org.testng.reporters.JUnitXMLReporter -->
<testsuite hostname="ARPGL000810" ignored="2" name="Test" tests="10" failures="0" timestamp="2020-09-18T17:43:12 IST" time="215.132" errors="0">
  <testcase name="loginPageTitleTest" time="0.015" classname="com.qa.testcases.LoginPageTest"/>
  <testcase name="UITest" time="0.396" classname="com.qa.testcases.LoginPageTest"/>
  <testcase name="stdUserLoginTest" time="22.747" classname="com.qa.testcases.LoginPageTest"/>
  <testcase name="multiUserLoginTest" time="21.778" classname="com.qa.testcases.LoginPageTest"/>
  <testcase name="multiUserLoginTest" time="1.052" classname="com.qa.testcases.LoginPageTest"/>
  <testcase name="multiUserLoginTest" time="17.883" classname="com.qa.testcases.LoginPageTest"/>
  <testcase name="sortingTest" time="12.735" classname="com.qa.testcases.ProductsPageTest"/>
  <testcase name="sortingTest" time="11.186" classname="com.qa.testcases.ProductsPageTest"/>
  <testcase name="sortingTest" time="10.033" classname="com.qa.testcases.ProductsPageTest"/>
  <testcase name="sortingTest" time="16.653" classname="com.qa.testcases.ProductsPageTest"/>
  <testcase name="@AfterSuite extentReportCleanUp" time="0.0" classname="com.qa.base.TestBase">
    <ignored/>
  </testcase> <!-- @AfterSuite extentReportCleanUp -->
  <testcase name="@BeforeSuite extentReportSetup" time="0.0" classname="com.qa.base.TestBase">
    <ignored/>
  </testcase> <!-- @BeforeSuite extentReportSetup -->
</testsuite> <!-- Test -->
