<?xml version="1.0" encoding="UTF-8" ?>
<testsuite tests="7" failures="1" name="TestSuite" time="26.485" errors="0" skipped="0">
  <properties>
[...]
</properties>
  <testcase classname="com.qa.testcases.LoginPageTest" name="loginPageTitleTest" time="0.019"/>
  <testcase classname="com.qa.testcases.LoginPageTest" name="UITest" time="0.338"/>
  <testcase classname="com.qa.testcases.LoginPageTest" name="stdUserLoginTest" time="5.918"/>
  <testcase classname="com.qa.testcases.LoginPageTest" name="multiUserLoginTest" time="6.549"/>
  <testcase classname="com.qa.testcases.LoginPageTest" name="multiUserLoginTest" time="0.197">
    <failure message="expected [true] but found [false]" type="java.lang.AssertionError">java.lang.AssertionError: expected [true] but found [false]
	at org.testng.Assert.fail(Assert.java:99)
	at org.testng.Assert.failNotEquals(Assert.java:1037)
	at org.testng.Assert.assertTrue(Assert.java:45)
	at org.testng.Assert.assertTrue(Assert.java:55)
	at com.qa.pages.ProductsPage.verifyPageByURL(ProductsPage.java:35)
	at com.qa.testcases.LoginPageTest.multiUserLoginTest(LoginPageTest.java:65)
</failure>
    <system-err>Starting ChromeDriver 85.0.4183.87 (cd6713ebf92fa1cacc0f1a598df280093af0c5d7-refs/branch-heads/4183@{#1689}) on port 36839
Only local connections are allowed.
Please see https://chromedriver.chromium.org/security-considerations for suggestions on keeping ChromeDriver safe.
ChromeDriver was started successfully.
Sep 17, 2020 11:03:40 PM org.openqa.selenium.remote.ProtocolHandshake createSession
INFO: Detected dialect: W3C
</system-err>
  </testcase>
  <testcase classname="com.qa.testcases.LoginPageTest" name="multiUserLoginTest" time="0.615"/>
  <testcase classname="com.qa.testcases.LoginPageTest" name="multiUserLoginTest" time="12.849"/>
</testsuite>