<?xml version="1.0" encoding="UTF-8"?>
<testng-results skipped="0" failed="0" ignored="3" total="4" passed="1">
  <reporter-output>
  </reporter-output>
  <suite name="Default suite" duration-ms="10443" started-at="2020-09-17T22:56:14 IST" finished-at="2020-09-17T22:56:24 IST">
    <groups>
    </groups>
    <test name="Default test" duration-ms="10443" started-at="2020-09-17T22:56:14 IST" finished-at="2020-09-17T22:56:24 IST">
      <class name="com.qa.testcases.LoginPageTest">
        <test-method status="PASS" signature="extentReportSetup()[pri:0, instance:com.qa.testcases.LoginPageTest@80503]" name="extentReportSetup" is-config="true" duration-ms="111" started-at="2020-09-17T22:56:14 IST" finished-at="2020-09-17T22:56:14 IST">
          <reporter-output>
          </reporter-output>
        </test-method> <!-- extentReportSetup -->
        <test-method status="PASS" signature="setUp(java.lang.reflect.Method)[pri:0, instance:com.qa.testcases.LoginPageTest@80503]" name="setUp" is-config="true" duration-ms="9092" started-at="2020-09-17T22:56:14 IST" finished-at="2020-09-17T22:56:23 IST">
          <params>
            <param index="0">
              <value>
                <![CDATA[public void com.qa.testcases.LoginPageTest.UITest()]]>
              </value>
            </param>
          </params>
          <reporter-output>
          </reporter-output>
        </test-method> <!-- setUp -->
        <test-method status="PASS" signature="UITest()[pri:1, instance:com.qa.testcases.LoginPageTest@80503]" name="UITest" duration-ms="320" started-at="2020-09-17T22:56:23 IST" finished-at="2020-09-17T22:56:23 IST">
          <reporter-output>
          </reporter-output>
        </test-method> <!-- UITest -->
        <test-method status="PASS" signature="tearDown(org.testng.ITestResult)[pri:0, instance:com.qa.testcases.LoginPageTest@80503]" name="tearDown" is-config="true" duration-ms="1004" started-at="2020-09-17T22:56:23 IST" finished-at="2020-09-17T22:56:24 IST">
          <params>
            <param index="0">
              <value>
                <![CDATA[[TestResult name=UITest status=SUCCESS method=LoginPageTest.UITest()[pri:1, instance:com.qa.testcases.LoginPageTest@80503] output={null}]]]>
              </value>
            </param>
          </params>
          <reporter-output>
          </reporter-output>
        </test-method> <!-- tearDown -->
        <test-method status="PASS" signature="extentReportCleanUp()[pri:0, instance:com.qa.testcases.LoginPageTest@80503]" name="extentReportCleanUp" is-config="true" duration-ms="362" started-at="2020-09-17T22:56:24 IST" finished-at="2020-09-17T22:56:25 IST">
          <reporter-output>
          </reporter-output>
        </test-method> <!-- extentReportCleanUp -->
      </class> <!-- com.qa.testcases.LoginPageTest -->
    </test> <!-- Default test -->
  </suite> <!-- Default suite -->
</testng-results>
